OBJECTS = \
3-ConOrientTriang.o \
3-ConShelling1.o \
3-ConShelling2.o \
Barycenter.o \
BFS.o \
Biconnect.o \
Bipolar.o \
BipPlanarize.o \
CotreeCritical.o \
Debug.o \
DFS.o \
DFSGraph.o \
DFSMap.o \
Diagonalise.o \
Embed2Pages.o \
EmbedTutteCircle.o \
EmbedVision.o \
EmbedPolyline.o.o \
FastTwit.o \
File.o \
Generate.o \
GeoAlgs.o \
Graph.o \
HeapSort.o \
k-InfOrient.o \
LR-Algo.o \
LR-Map.o \
mark.o \
MaxPlanar.o \
more.o \
NewPolar.o \
NpBiconnect.o \
Planar.o \
PropTgf.o \
PSet.o \
reduce.o \
Schnyder.o \
STList.o \
Tgf.o \
TopoAlgs.o \
Twit.o \
VertexPacking.o \
Vision.o 
